#
# A fatal error has been detected by the Java Runtime Environment:
#
#  EXCEPTION_ACCESS_VIOLATION (0xc0000005) at pc=0x00007ff80e54ede3, pid=18576, tid=0x0000000000004f10
#
# JRE version: Java(TM) SE Runtime Environment (8.0_281-b09) (build 1.8.0_281-b09)
# Java VM: Java HotSpot(TM) 64-Bit Server VM (25.281-b09 mixed mode windows-amd64 compressed oops)
# Problematic frame:
# C  [OWClient.dll+0x6ede3]
#
# Failed to write core dump. Minidumps are not enabled by default on client versions of Windows
#
# If you would like to submit a bug report, please visit:
#   http://bugreport.java.com/bugreport/crash.jsp
#

---------------  T H R E A D  ---------------

Current thread (0x0000022475d7d800):  VMThread [stack: 0x000000a507400000,0x000000a507500000] [id=20240]

siginfo: ExceptionCode=0xc0000005, reading address 0x0000000000000048

Registers:
RAX=0x000002247cc9d810, RBX=0x000002247cc9d818, RCX=0x000002247cc9d818, RDX=0x0000000000000002
RSP=0x000000a5074fecc0, RBP=0x000002247cc9d7f0, RSI=0x000002247a932d01, RDI=0x0000000000000000
R8 =0x0000000000000002, R9 =0x0000000000ff66ff, R10=0x0000000000008000, R11=0x000000a5074fed48
R12=0x00007ff80e770900, R13=0x000002246fd588b0, R14=0x0000a2f86a32ad93, R15=0x00007ff80e771608
RIP=0x00007ff80e54ede3, EFLAGS=0x0000000000010202

Top of Stack: (sp=0x000000a5074fecc0)
0x000000a5074fecc0:   00007ff800000000 000002247d5c2f00
0x000000a5074fecd0:   00007ff80e4e6490 00007ff8a78e986b
0x000000a5074fece0:   0000022400000001 00007ff80e770900
0x000000a5074fecf0:   0000022400000033 00007ff80e7708c8
0x000000a5074fed00:   000002246fd588b0 0000000000000000
0x000000a5074fed10:   fffffffffffffffe 00007ff80e771608
0x000000a5074fed20:   0000000000000001 000002247cc9d810
0x000000a5074fed30:   00007ff80e76f0d8 0000000000000000
0x000000a5074fed40:   000002247a932d60 00007ff80e53d357
0x000000a5074fed50:   0000000000000001 000002247abcccf8
0x000000a5074fed60:   000002247a932d60 00007ff80e778f80
0x000000a5074fed70:   0000000000000001 00007ff80e76f1a0
0x000000a5074fed80:   00007ff8000002ec 00007ff80e76f180
0x000000a5074fed90:   00007ff800000000 000002247abcccf8
0x000000a5074feda0:   00007ff80e4e6490 000002247a932d60
0x000000a5074fedb0:   00007ff80e4e6490 00007ff80e75c348 

Instructions: (pc=0x00007ff80e54ede3)
0x00007ff80e54edc3:   40 b6 01 eb 0e ff 15 a2 07 1f 00 33 f6 84 c0 40
0x00007ff80e54edd3:   0f 95 c6 40 88 74 24 60 c6 45 18 00 48 8b 7d 30
0x00007ff80e54ede3:   48 8b 57 48 48 85 d2 74 27 45 33 c0 33 c9 ff 15
0x00007ff80e54edf3:   69 03 1f 00 8b 4f 44 85 c9 74 0d ff 15 ec 0c 1f 


Register to memory mapping:

RAX=
[error occurred during error reporting (printing register info), id 0xc0000005]

Stack: [0x000000a507400000,0x000000a507500000],  sp=0x000000a5074fecc0,  free space=1019k
Native frames: (J=compiled Java code, j=interpreted, Vv=VM code, C=native code)
C  [OWClient.dll+0x6ede3]
C  [OWClient.dll+0x5d357]
C  [OWClient.dll+0x5bb57]
C  [OWClient.dll+0x5b9b4]
C  [OWClient.dll+0x3c721]
C  [OWClient.dll+0x3c174]
C  [OWClient.dll+0x843b]
C  [OWClient.dll+0x6ec8]
C  [OWClient.dll+0x19aebf]
C  [OWClient.dll+0x19ac6d]
C  [OWClient.dll+0x19af91]
C  [OWClient.dll+0x19a32f]
C  [OWClient.dll+0x19a2ad]
C  [OWClient.dll+0x19a433]
C  [OWClient.dll+0x17bcfb]
C  [OWClient.dll+0x17c48a]
C  [OWClient.dll+0x17c580]
C  [ntdll.dll+0x19a1d]
C  [ntdll.dll+0x5db91]
C  [ntdll.dll+0x5da2d]
C  0x00007ff8a9700021

VM_Operation (0x000000a508f1f240): Exit, mode: safepoint, requested by thread 0x00000224792a9000


---------------  P R O C E S S  ---------------

Java Threads: ( => current thread )
  0x00000224794dd800 JavaThread "Netty Server IO #4" daemon [_thread_in_native, id=4840, stack(0x000000a508b20000,0x000000a508c20000)]
  0x00000224794dc800 JavaThread "Netty Server IO #3" daemon [_thread_blocked, id=23516, stack(0x000000a506700000,0x000000a506800000)]
  0x000002247be7e800 JavaThread "Chunk I/O Executor Thread-1" daemon [_thread_blocked, id=4592, stack(0x000000a506600000,0x000000a506700000)]
  0x000002247bc03800 JavaThread "Netty Server IO #2" daemon [_thread_in_native, id=19832, stack(0x000000a509380000,0x000000a509480000)]
  0x000002247bc02800 JavaThread "threadDeathWatcher-2-1" daemon [_thread_blocked, id=10988, stack(0x000000a509280000,0x000000a509380000)]
  0x000002247bbfa800 JavaThread "Netty Server IO #1" daemon [_thread_in_native, id=20948, stack(0x000000a508900000,0x000000a508a00000)]
  0x000002247bbfd800 JavaThread "File IO Thread" [_thread_blocked, id=18252, stack(0x000000a509c80000,0x000000a509d80000)]
  0x000002247be7d000 JavaThread "Server Watchdog" daemon [_thread_blocked, id=22392, stack(0x000000a509b80000,0x000000a509c80000)]
  0x000002247be74800 JavaThread "Netty Server IO #0" daemon [_thread_in_native, id=14416, stack(0x000000a509980000,0x000000a509a80000)]
  0x00000224792a7000 JavaThread "Server console handler" daemon [_thread_in_native, id=19640, stack(0x000000a508f20000,0x000000a509020000)]
  0x00000224792a5800 JavaThread "DestroyJavaVM" [_thread_blocked, id=16484, stack(0x000000a506800000,0x000000a506900000)]
  0x00000224792a9000 JavaThread "Server thread" [_thread_blocked, id=17780, stack(0x000000a508e20000,0x000000a508f20000)]
  0x0000022477765800 JavaThread "TimerQueue" daemon [_thread_blocked, id=17716, stack(0x000000a508800000,0x000000a508900000)]
  0x000002247749e000 JavaThread "Thread-4" daemon [_thread_blocked, id=20852, stack(0x000000a508700000,0x000000a508800000)]
  0x000002247a779000 JavaThread "AWT-EventQueue-0" [_thread_in_native, id=22948, stack(0x000000a508600000,0x000000a508700000)]
  0x0000022477db5000 JavaThread "AWT-Shutdown" [_thread_blocked, id=17572, stack(0x000000a508400000,0x000000a508500000)]
  0x00000224797b4000 JavaThread "Java2D Disposer" daemon [_thread_blocked, id=19432, stack(0x000000a508300000,0x000000a508400000)]
  0x0000022478105800 JavaThread "Server Infinisleeper" daemon [_thread_blocked, id=19384, stack(0x000000a508200000,0x000000a508300000)]
  0x0000022479653000 JavaThread "Thread-1" [_thread_blocked, id=4820, stack(0x000000a508000000,0x000000a508100000)]
  0x000002247666e000 JavaThread "Service Thread" daemon [_thread_blocked, id=2496, stack(0x000000a507e00000,0x000000a507f00000)]
  0x00000224765ea000 JavaThread "C1 CompilerThread3" daemon [_thread_blocked, id=19352, stack(0x000000a507d00000,0x000000a507e00000)]
  0x00000224765d8000 JavaThread "C2 CompilerThread2" daemon [_thread_blocked, id=20988, stack(0x000000a507c00000,0x000000a507d00000)]
  0x00000224765d6800 JavaThread "C2 CompilerThread1" daemon [_thread_blocked, id=6368, stack(0x000000a507b00000,0x000000a507c00000)]
  0x00000224765d2800 JavaThread "C2 CompilerThread0" daemon [_thread_blocked, id=22224, stack(0x000000a507a00000,0x000000a507b00000)]
  0x00000224765d0800 JavaThread "Attach Listener" daemon [_thread_blocked, id=21068, stack(0x000000a507900000,0x000000a507a00000)]
  0x00000224765ce000 JavaThread "Signal Dispatcher" daemon [_thread_blocked, id=22032, stack(0x000000a507800000,0x000000a507900000)]
  0x00000224765cd000 JavaThread "Surrogate Locker Thread (Concurrent GC)" daemon [_thread_blocked, id=21284, stack(0x000000a507700000,0x000000a507800000)]
  0x00000224765af000 JavaThread "Finalizer" daemon [_thread_blocked, id=12952, stack(0x000000a507600000,0x000000a507700000)]
  0x0000022476584800 JavaThread "Reference Handler" daemon [_thread_blocked, id=15736, stack(0x000000a507500000,0x000000a507600000)]

Other Threads:
=>0x0000022475d7d800 VMThread [stack: 0x000000a507400000,0x000000a507500000] [id=20240]

VM state:at safepoint (shutting down)

VM Mutex/Monitor currently owned by a thread:  ([mutex/lock_event])
[0x000002246fd265a0] Threads_lock - owner thread: 0x0000022475d7d800

heap address: 0x00000000c0000000, size: 1024 MB, Compressed Oops mode: 32-bit
Narrow klass base: 0x0000000000000000, Narrow klass shift: 3
Compressed class space size: 1073741824 Address: 0x0000000100000000

Heap:
 par new generation   total 314560K, used 24610K [0x00000000c0000000, 0x00000000d5550000, 0x00000000d5550000)
  eden space 279616K,   8% used [0x00000000c0000000, 0x00000000c18089f8, 0x00000000d1110000)
  from space 34944K,   0% used [0x00000000d3330000, 0x00000000d3330000, 0x00000000d5550000)
  to   space 34944K,   0% used [0x00000000d1110000, 0x00000000d1110000, 0x00000000d3330000)
 concurrent mark-sweep generation total 699072K, used 128070K [0x00000000d5550000, 0x0000000100000000, 0x0000000100000000)
 Metaspace       used 61032K, capacity 61932K, committed 62344K, reserved 1103872K
  class space    used 8046K, capacity 8324K, committed 8328K, reserved 1048576K

Card table byte_map: [0x0000022471b20000,0x0000022471d30000] byte_map_base: 0x0000022471520000

Marking Bits: (CMSBitMap*) 0x000002246fdc92d8
 Bits: [0x0000022472710000, 0x00000224731bac00)

Mod Union Table: (CMSBitMap*) 0x000002246fdc9398
 Bits: [0x00000224731c0000, 0x00000224731eaab0)

Polling page: 0x000002246ff70000

CodeCache: size=245760Kb used=34591Kb max_used=34900Kb free=211168Kb
 bounds [0x0000022400000000, 0x0000022402280000, 0x000002240f000000]
 total_blobs=10676 nmethods=9793 adapters=790
 compilation: enabled

Compilation events (10 events):
Event: 389.610 Thread 0x00000224765ea000 13853       3       org.apache.logging.log4j.core.util.NameUtil::getSubName (32 bytes)
Event: 389.611 Thread 0x00000224765ea000 nmethod 13853 0x0000022400488d50 code [0x0000022400488f00, 0x00000224004894e0]
Event: 389.611 Thread 0x00000224765ea000 13850       3       javax.management.ObjectName::hashCode (8 bytes)
Event: 389.611 Thread 0x00000224765ea000 nmethod 13850 0x0000022401f9ad50 code [0x0000022401f9aec0, 0x0000022401f9b0d0]
Event: 389.611 Thread 0x00000224765ea000 13845       3       javax.swing.plaf.basic.BasicScrollBarUI::setThumbRollover (25 bytes)
Event: 389.611 Thread 0x00000224765ea000 nmethod 13845 0x000002240088f710 code [0x000002240088f8a0, 0x000002240088fd90]
Event: 389.611 Thread 0x00000224765ea000 13851       1       java.util.Hashtable$Entry::getKey (5 bytes)
Event: 389.611 Thread 0x00000224765ea000 nmethod 13851 0x00000224002c1c90 code [0x00000224002c1de0, 0x00000224002c1ef8]
Event: 389.611 Thread 0x00000224765ea000 13852       1       java.util.Hashtable$Entry::getValue (5 bytes)
Event: 389.611 Thread 0x00000224765ea000 nmethod 13852 0x00000224002c1990 code [0x00000224002c1ae0, 0x00000224002c1bf8]

GC Heap History (10 events):
Event: 387.299 GC heap before
{Heap before GC invocations=760 (full 1121):
 par new generation   total 314560K, used 14748K [0x00000000c0000000, 0x00000000d5550000, 0x00000000d5550000)
  eden space 279616K,   5% used [0x00000000c0000000, 0x00000000c0e673c8, 0x00000000d1110000)
  from space 34944K,   0% used [0x00000000d3330000, 0x00000000d3330000, 0x00000000d5550000)
  to   space 34944K,   0% used [0x00000000d1110000, 0x00000000d1110000, 0x00000000d3330000)
 concurrent mark-sweep generation total 699072K, used 128068K [0x00000000d5550000, 0x0000000100000000, 0x0000000100000000)
 Metaspace       used 60964K, capacity 61866K, committed 62344K, reserved 1103872K
  class space    used 8044K, capacity 8323K, committed 8328K, reserved 1048576K
Event: 387.470 GC heap after
Heap after GC invocations=761 (full 1122):
 par new generation   total 314560K, used 0K [0x00000000c0000000, 0x00000000d5550000, 0x00000000d5550000)
  eden space 279616K,   0% used [0x00000000c0000000, 0x00000000c0000000, 0x00000000d1110000)
  from space 34944K,   0% used [0x00000000d3330000, 0x00000000d3330000, 0x00000000d5550000)
  to   space 34944K,   0% used [0x00000000d1110000, 0x00000000d1110000, 0x00000000d3330000)
 concurrent mark-sweep generation total 699072K, used 128070K [0x00000000d5550000, 0x0000000100000000, 0x0000000100000000)
 Metaspace       used 60964K, capacity 61866K, committed 62344K, reserved 1103872K
  class space    used 8044K, capacity 8323K, committed 8328K, reserved 1048576K
}
Event: 387.800 GC heap before
{Heap before GC invocations=761 (full 1122):
 par new generation   total 314560K, used 13980K [0x00000000c0000000, 0x00000000d5550000, 0x00000000d5550000)
  eden space 279616K,   5% used [0x00000000c0000000, 0x00000000c0da73d0, 0x00000000d1110000)
  from space 34944K,   0% used [0x00000000d3330000, 0x00000000d3330000, 0x00000000d5550000)
  to   space 34944K,   0% used [0x00000000d1110000, 0x00000000d1110000, 0x00000000d3330000)
 concurrent mark-sweep generation total 699072K, used 128070K [0x00000000d5550000, 0x0000000100000000, 0x0000000100000000)
 Metaspace       used 60968K, capacity 61866K, committed 62344K, reserved 1103872K
  class space    used 8044K, capacity 8323K, committed 8328K, reserved 1048576K
Event: 387.969 GC heap after
Heap after GC invocations=762 (full 1123):
 par new generation   total 314560K, used 0K [0x00000000c0000000, 0x00000000d5550000, 0x00000000d5550000)
  eden space 279616K,   0% used [0x00000000c0000000, 0x00000000c0000000, 0x00000000d1110000)
  from space 34944K,   0% used [0x00000000d3330000, 0x00000000d3330000, 0x00000000d5550000)
  to   space 34944K,   0% used [0x00000000d1110000, 0x00000000d1110000, 0x00000000d3330000)
 concurrent mark-sweep generation total 699072K, used 128070K [0x00000000d5550000, 0x0000000100000000, 0x0000000100000000)
 Metaspace       used 60968K, capacity 61866K, committed 62344K, reserved 1103872K
  class space    used 8044K, capacity 8323K, committed 8328K, reserved 1048576K
}
Event: 388.300 GC heap before
{Heap before GC invocations=762 (full 1124):
 par new generation   total 314560K, used 13980K [0x00000000c0000000, 0x00000000d5550000, 0x00000000d5550000)
  eden space 279616K,   5% used [0x00000000c0000000, 0x00000000c0da73d0, 0x00000000d1110000)
  from space 34944K,   0% used [0x00000000d3330000, 0x00000000d3330000, 0x00000000d5550000)
  to   space 34944K,   0% used [0x00000000d1110000, 0x00000000d1110000, 0x00000000d3330000)
 concurrent mark-sweep generation total 699072K, used 128070K [0x00000000d5550000, 0x0000000100000000, 0x0000000100000000)
 Metaspace       used 60981K, capacity 61930K, committed 62344K, reserved 1103872K
  class space    used 8044K, capacity 8323K, committed 8328K, reserved 1048576K
Event: 388.479 GC heap after
Heap after GC invocations=763 (full 1125):
 par new generation   total 314560K, used 0K [0x00000000c0000000, 0x00000000d5550000, 0x00000000d5550000)
  eden space 279616K,   0% used [0x00000000c0000000, 0x00000000c0000000, 0x00000000d1110000)
  from space 34944K,   0% used [0x00000000d3330000, 0x00000000d3330000, 0x00000000d5550000)
  to   space 34944K,   0% used [0x00000000d1110000, 0x00000000d1110000, 0x00000000d3330000)
 concurrent mark-sweep generation total 699072K, used 128070K [0x00000000d5550000, 0x0000000100000000, 0x0000000100000000)
 Metaspace       used 60981K, capacity 61930K, committed 62344K, reserved 1103872K
  class space    used 8044K, capacity 8323K, committed 8328K, reserved 1048576K
}
Event: 388.801 GC heap before
{Heap before GC invocations=763 (full 1125):
 par new generation   total 314560K, used 13980K [0x00000000c0000000, 0x00000000d5550000, 0x00000000d5550000)
  eden space 279616K,   5% used [0x00000000c0000000, 0x00000000c0da73c0, 0x00000000d1110000)
  from space 34944K,   0% used [0x00000000d3330000, 0x00000000d3330000, 0x00000000d5550000)
  to   space 34944K,   0% used [0x00000000d1110000, 0x00000000d1110000, 0x00000000d3330000)
 concurrent mark-sweep generation total 699072K, used 128070K [0x00000000d5550000, 0x0000000100000000, 0x0000000100000000)
 Metaspace       used 60982K, capacity 61930K, committed 62344K, reserved 1103872K
  class space    used 8044K, capacity 8323K, committed 8328K, reserved 1048576K
Event: 388.974 GC heap after
Heap after GC invocations=764 (full 1126):
 par new generation   total 314560K, used 0K [0x00000000c0000000, 0x00000000d5550000, 0x00000000d5550000)
  eden space 279616K,   0% used [0x00000000c0000000, 0x00000000c0000000, 0x00000000d1110000)
  from space 34944K,   0% used [0x00000000d3330000, 0x00000000d3330000, 0x00000000d5550000)
  to   space 34944K,   0% used [0x00000000d1110000, 0x00000000d1110000, 0x00000000d3330000)
 concurrent mark-sweep generation total 699072K, used 128070K [0x00000000d5550000, 0x0000000100000000, 0x0000000100000000)
 Metaspace       used 60982K, capacity 61930K, committed 62344K, reserved 1103872K
  class space    used 8044K, capacity 8323K, committed 8328K, reserved 1048576K
}
Event: 389.301 GC heap before
{Heap before GC invocations=764 (full 1127):
 par new generation   total 314560K, used 17545K [0x00000000c0000000, 0x00000000d5550000, 0x00000000d5550000)
  eden space 279616K,   6% used [0x00000000c0000000, 0x00000000c11224b8, 0x00000000d1110000)
  from space 34944K,   0% used [0x00000000d3330000, 0x00000000d3330000, 0x00000000d5550000)
  to   space 34944K,   0% used [0x00000000d1110000, 0x00000000d1110000, 0x00000000d3330000)
 concurrent mark-sweep generation total 699072K, used 128070K [0x00000000d5550000, 0x0000000100000000, 0x0000000100000000)
 Metaspace       used 61001K, capacity 61930K, committed 62344K, reserved 1103872K
  class space    used 8044K, capacity 8323K, committed 8328K, reserved 1048576K
Event: 389.474 GC heap after
Heap after GC invocations=765 (full 1128):
 par new generation   total 314560K, used 0K [0x00000000c0000000, 0x00000000d5550000, 0x00000000d5550000)
  eden space 279616K,   0% used [0x00000000c0000000, 0x00000000c0000000, 0x00000000d1110000)
  from space 34944K,   0% used [0x00000000d3330000, 0x00000000d3330000, 0x00000000d5550000)
  to   space 34944K,   0% used [0x00000000d1110000, 0x00000000d1110000, 0x00000000d3330000)
 concurrent mark-sweep generation total 699072K, used 128070K [0x00000000d5550000, 0x0000000100000000, 0x0000000100000000)
 Metaspace       used 61001K, capacity 61930K, committed 62344K, reserved 1103872K
  class space    used 8044K, capacity 8323K, committed 8328K, reserved 1048576K
}

Deoptimization events (10 events):
Event: 389.598 Thread 0x00000224792a9000 Uncommon trap: reason=unstable_if action=reinterpret pc=0x0000022400ee7c70 method=it.unimi.dsi.fastutil.ints.Int2ObjectLinkedOpenHashMap.get(I)Ljava/lang/Object; @ 8
Event: 389.602 Thread 0x00000224792a9000 Uncommon trap: reason=unstable_if action=reinterpret pc=0x0000022400678bc8 method=net.minecraftforge.fml.relauncher.FMLSecurityManager.checkPermission(Ljava/security/Permission;)V @ 23
Event: 389.603 Thread 0x000002247bc05800 Uncommon trap: reason=speculate_class_check action=maybe_recompile pc=0x00000224018a8244 method=java.util.concurrent.locks.ReentrantReadWriteLock$Sync.tryAcquire(I)Z @ 66
Event: 389.603 Thread 0x000002247bc05800 Uncommon trap: reason=speculate_class_check action=maybe_recompile pc=0x00000224018a8244 method=java.util.concurrent.locks.ReentrantReadWriteLock$Sync.tryAcquire(I)Z @ 66
Event: 389.603 Thread 0x000002247bc05800 Uncommon trap: reason=speculate_class_check action=maybe_recompile pc=0x00000224018a8244 method=java.util.concurrent.locks.ReentrantReadWriteLock$Sync.tryAcquire(I)Z @ 66
Event: 389.603 Thread 0x000002247bc05800 Uncommon trap: reason=bimorphic action=maybe_recompile pc=0x0000022401e6c93c method=java.util.Collections$SynchronizedCollection.iterator()Ljava/util/Iterator; @ 4
Event: 389.603 Thread 0x000002247bc05800 Uncommon trap: reason=speculate_class_check action=maybe_recompile pc=0x00000224018a8244 method=java.util.concurrent.locks.ReentrantReadWriteLock$Sync.tryAcquire(I)Z @ 66
Event: 389.603 Thread 0x000002247bc05800 Uncommon trap: reason=bimorphic action=maybe_recompile pc=0x0000022401e6c93c method=java.util.Collections$SynchronizedCollection.iterator()Ljava/util/Iterator; @ 4
Event: 389.604 Thread 0x000002247bc05800 Uncommon trap: reason=bimorphic action=maybe_recompile pc=0x0000022401e6c93c method=java.util.Collections$SynchronizedCollection.iterator()Ljava/util/Iterator; @ 4
Event: 389.604 Thread 0x000002247bc05800 Uncommon trap: reason=bimorphic action=maybe_recompile pc=0x0000022401e6c93c method=java.util.Collections$SynchronizedCollection.iterator()Ljava/util/Iterator; @ 4

Classes redefined (0 events):
No events

Internal exceptions (10 events):
Event: 94.765 Thread 0x00000224792a9000 Implicit null exception at 0x000002240136d15b to 0x000002240136d5f5
Event: 95.129 Thread 0x00000224792a9000 Implicit null exception at 0x00000224019a8592 to 0x00000224019a8a49
Event: 191.972 Thread 0x00000224792a9000 Implicit null exception at 0x0000022401ae1596 to 0x0000022401ae1c6a
Event: 191.972 Thread 0x00000224792a9000 Implicit null exception at 0x0000022401defac1 to 0x0000022401defdf9
Event: 192.649 Thread 0x00000224794dc800 Implicit null exception at 0x0000022401b217a1 to 0x0000022401b21c31
Event: 192.650 Thread 0x00000224794dc800 Implicit null exception at 0x00000224019d9f83 to 0x00000224019da3d1
Event: 236.317 Thread 0x00000224792a9000 Implicit null exception at 0x000002240157b470 to 0x000002240157ba61
Event: 297.277 Thread 0x00000224794dd800 Exception <a 'java/io/IOException'> (0x00000000c00001f8) thrown at [C:\jenkins\workspace\8-2-build-windows-amd64-cygwin\jdk8u281\880\hotspot\src\share\vm\prims\jni.cpp, line 710]
Event: 297.282 Thread 0x000002247a779000 Implicit null exception at 0x0000022400a7466d to 0x0000022400a746d1
Event: 297.289 Thread 0x00000224794dd800 Implicit null exception at 0x0000022401b6174a to 0x0000022401b66275

Events (10 events):
Event: 389.604 Thread 0x000002247bc05800 Uncommon trap: trap_request=0xffffffc6 fr.pc=0x0000022401e6c93c
Event: 389.604 Thread 0x000002247bc05800 DEOPT PACKING pc=0x0000022401e6c93c sp=0x000000a5065fea30
Event: 389.604 Thread 0x000002247bc05800 DEOPT UNPACKING pc=0x0000022400045843 sp=0x000000a5065fe9c8 mode 2
Event: 389.605 Thread 0x000002247bc0f000 Thread exited: 0x000002247bc0f000
Event: 389.605 loading class sun/java2d/pipe/hw/AccelDeviceEventNotifier
Event: 389.605 Thread 0x000002247bc05800 Thread exited: 0x000002247bc05800
Event: 389.605 loading class sun/java2d/pipe/hw/AccelDeviceEventNotifier done
Event: 389.683 Thread 0x0000022476f1b800 Thread exited: 0x0000022476f1b800
Event: 389.705 Thread 0x000002247bc0f800 Thread exited: 0x000002247bc0f800
Event: 389.706 Executing VM operation: Exit


Dynamic libraries:
0x00007ff6096f0000 - 0x00007ff609737000 	C:\Program Files\Java\jre1.8.0_281\bin\javaw.exe
0x00007ff8a9e90000 - 0x00007ff8aa085000 	C:\Windows\SYSTEM32\ntdll.dll
0x00007ff8a9600000 - 0x00007ff8a96be000 	C:\Windows\System32\KERNEL32.DLL
0x00007ff8a78a0000 - 0x00007ff8a7b68000 	C:\Windows\System32\KERNELBASE.dll
0x00007ff8a7ed0000 - 0x00007ff8a7f7c000 	C:\Windows\System32\ADVAPI32.dll
0x00007ff8a8d70000 - 0x00007ff8a8e0e000 	C:\Windows\System32\msvcrt.dll
0x00007ff8a8e10000 - 0x00007ff8a8eab000 	C:\Windows\System32\sechost.dll
0x00007ff8a8f40000 - 0x00007ff8a906a000 	C:\Windows\System32\RPCRT4.dll
0x00007ff8a9450000 - 0x00007ff8a95f1000 	C:\Windows\System32\USER32.dll
0x00007ff8a7b70000 - 0x00007ff8a7b92000 	C:\Windows\System32\win32u.dll
0x00007ff8a9130000 - 0x00007ff8a915b000 	C:\Windows\System32\GDI32.dll
0x00007ff8a7790000 - 0x00007ff8a789d000 	C:\Windows\System32\gdi32full.dll
0x00007ff8a7e30000 - 0x00007ff8a7ecd000 	C:\Windows\System32\msvcp_win.dll
0x00007ff8a7690000 - 0x00007ff8a7790000 	C:\Windows\System32\ucrtbase.dll
0x00007ff891420000 - 0x00007ff8916ba000 	C:\Windows\WinSxS\amd64_microsoft.windows.common-controls_6595b64144ccf1df_6.0.19041.1110_none_60b5254171f9507e\COMCTL32.dll
0x00007ff8a8eb0000 - 0x00007ff8a8ee0000 	C:\Windows\System32\IMM32.DLL
0x00007ff895730000 - 0x00007ff895745000 	C:\Program Files\Java\jre1.8.0_281\bin\vcruntime140.dll
0x00007ff878000000 - 0x00007ff87809b000 	C:\Program Files\Java\jre1.8.0_281\bin\msvcp140.dll
0x000000005e170000 - 0x000000005e9cf000 	C:\Program Files\Java\jre1.8.0_281\bin\server\jvm.dll
0x00007ff8a9070000 - 0x00007ff8a9078000 	C:\Windows\System32\PSAPI.DLL
0x00007ff895640000 - 0x00007ff895649000 	C:\Windows\SYSTEM32\WSOCK32.dll
0x00007ff89ac80000 - 0x00007ff89aca7000 	C:\Windows\SYSTEM32\WINMM.dll
0x00007ff8a9cd0000 - 0x00007ff8a9d3b000 	C:\Windows\System32\WS2_32.dll
0x00007ff8a1fa0000 - 0x00007ff8a1faa000 	C:\Windows\SYSTEM32\VERSION.dll
0x00007ff8a54b0000 - 0x00007ff8a54c2000 	C:\Windows\SYSTEM32\kernel.appcore.dll
0x00007ff895cc0000 - 0x00007ff895cd0000 	C:\Program Files\Java\jre1.8.0_281\bin\verify.dll
0x00007ff882ba0000 - 0x00007ff882bcb000 	C:\Program Files\Java\jre1.8.0_281\bin\java.dll
0x00007ff890960000 - 0x00007ff890978000 	C:\Program Files\Java\jre1.8.0_281\bin\zip.dll
0x00007ff8a80b0000 - 0x00007ff8a87f4000 	C:\Windows\System32\SHELL32.dll
0x00007ff8a56b0000 - 0x00007ff8a5e44000 	C:\Windows\SYSTEM32\windows.storage.dll
0x00007ff8a8860000 - 0x00007ff8a8bb5000 	C:\Windows\System32\combase.dll
0x00007ff8a6ff0000 - 0x00007ff8a701e000 	C:\Windows\SYSTEM32\Wldp.dll
0x00007ff8a9da0000 - 0x00007ff8a9e4d000 	C:\Windows\System32\SHCORE.dll
0x00007ff8a9d40000 - 0x00007ff8a9d95000 	C:\Windows\System32\shlwapi.dll
0x00007ff8a74e0000 - 0x00007ff8a74ff000 	C:\Windows\SYSTEM32\profapi.dll
0x00007ff8952b0000 - 0x00007ff8952bd000 	C:\Program Files\Java\jre1.8.0_281\bin\management.dll
0x00007ff8835c0000 - 0x00007ff8835dc000 	C:\Program Files\Java\jre1.8.0_281\bin\net.dll
0x00007ff8a6ce0000 - 0x00007ff8a6d4a000 	C:\Windows\system32\mswsock.dll
0x00007ff88f5f0000 - 0x00007ff88f607000 	C:\Windows\system32\napinsp.dll
0x00007ff88f5d0000 - 0x00007ff88f5eb000 	C:\Windows\system32\pnrpnsp.dll
0x00007ff88f5b0000 - 0x00007ff88f5c5000 	C:\Windows\system32\wshbth.dll
0x00007ff8a3110000 - 0x00007ff8a312d000 	C:\Windows\system32\NLAapi.dll
0x00007ff8a6970000 - 0x00007ff8a69ab000 	C:\Windows\SYSTEM32\IPHLPAPI.DLL
0x00007ff8a6a10000 - 0x00007ff8a6adb000 	C:\Windows\SYSTEM32\DNSAPI.dll
0x00007ff8a80a0000 - 0x00007ff8a80a8000 	C:\Windows\System32\NSI.dll
0x00007ff88ee70000 - 0x00007ff88ee82000 	C:\Windows\System32\winrnr.dll
0x00007ff8a09e0000 - 0x00007ff8a09ea000 	C:\Windows\System32\rasadhlp.dll
0x00007ff89ff70000 - 0x00007ff89ffef000 	C:\Windows\System32\fwpuclnt.dll
0x00007ff8a7bf0000 - 0x00007ff8a7c17000 	C:\Windows\System32\bcrypt.dll
0x00007ff882b80000 - 0x00007ff882b93000 	C:\Program Files\Java\jre1.8.0_281\bin\nio.dll
0x00007ff8a6290000 - 0x00007ff8a62c3000 	C:\Windows\SYSTEM32\ntmarta.dll
0x00007ff8a6f50000 - 0x00007ff8a6f68000 	C:\Windows\SYSTEM32\CRYPTSP.dll
0x00007ff8a6600000 - 0x00007ff8a6634000 	C:\Windows\system32\rsaenh.dll
0x00007ff8a74a0000 - 0x00007ff8a74ce000 	C:\Windows\SYSTEM32\USERENV.dll
0x00007ff8a7600000 - 0x00007ff8a7682000 	C:\Windows\System32\bcryptprimitives.dll
0x00007ff8a6f40000 - 0x00007ff8a6f4c000 	C:\Windows\SYSTEM32\CRYPTBASE.dll
0x00007ff8a2280000 - 0x00007ff8a2297000 	C:\Windows\SYSTEM32\dhcpcsvc6.DLL
0x00007ff8a2250000 - 0x00007ff8a226d000 	C:\Windows\SYSTEM32\dhcpcsvc.DLL
0x00007ff863b90000 - 0x00007ff863bd2000 	C:\Users\macie\AppData\Local\Temp\jna-103652011\jna9002969940522626411.dll
0x00007ff855760000 - 0x00007ff8558f5000 	C:\Program Files\Java\jre1.8.0_281\bin\awt.dll
0x00007ff8a8ca0000 - 0x00007ff8a8d6d000 	C:\Windows\System32\OLEAUT32.dll
0x00007ff8a4ea0000 - 0x00007ff8a4f30000 	C:\Windows\SYSTEM32\apphelp.dll
0x00007ff8a4fd0000 - 0x00007ff8a506e000 	C:\Windows\system32\uxtheme.dll
0x00007ff84bc80000 - 0x00007ff84bc97000 	C:\Program Files (x86)\LG Electronics\OnScreen Control\bin\ScreenSplitterHook641.dll
0x00007ff8a7f80000 - 0x00007ff8a8095000 	C:\Windows\System32\MSCTF.dll
0x00007ff8a9170000 - 0x00007ff8a929a000 	C:\Windows\System32\ole32.dll
0x00007ff8a52d0000 - 0x00007ff8a52ff000 	C:\Windows\system32\DWMAPI.DLL
0x00007ff85e700000 - 0x00007ff85e749000 	C:\Program Files\Java\jre1.8.0_281\bin\fontmanager.dll
0x00007ff884a20000 - 0x00007ff884b45000 	C:\Windows\system32\opengl32.dll
0x00007ff8849b0000 - 0x00007ff8849dc000 	C:\Windows\SYSTEM32\GLU32.dll
0x00007ff8a7180000 - 0x00007ff8a7192000 	C:\Windows\SYSTEM32\msasn1.dll
0x00007ff8a1ef0000 - 0x00007ff8a1f21000 	C:\Windows\SYSTEM32\cryptnet.dll
0x00007ff8a7cd0000 - 0x00007ff8a7e26000 	C:\Windows\System32\CRYPT32.dll
0x00007ff8a0270000 - 0x00007ff8a03ba000 	C:\Windows\SYSTEM32\drvstore.dll
0x00007ff8a7340000 - 0x00007ff8a7374000 	C:\Windows\SYSTEM32\devobj.dll
0x00007ff8a7ba0000 - 0x00007ff8a7bee000 	C:\Windows\System32\cfgmgr32.dll
0x00007ff8a75a0000 - 0x00007ff8a7600000 	C:\Windows\System32\WINTRUST.DLL
0x00007ff8a9cb0000 - 0x00007ff8a9ccd000 	C:\Windows\System32\imagehlp.dll
0x00007ff8837e0000 - 0x00007ff883aa5000 	C:\Windows\system32\nvspcap64.dll
0x00007ff8a5e60000 - 0x00007ff8a5e83000 	C:\Windows\SYSTEM32\gpapi.dll
0x00007ff89de90000 - 0x00007ff89decb000 	C:\Windows\SYSTEM32\dxcore.dll
0x00007ff85a1b0000 - 0x00007ff85a1f3000 	C:\Program Files\Java\jre1.8.0_281\bin\t2k.dll
0x00007ff8a9080000 - 0x00007ff8a9129000 	C:\Windows\System32\clbcatq.dll
0x00007ff8a15c0000 - 0x00007ff8a1774000 	C:\Windows\SYSTEM32\WindowsCodecs.dll
0x00007ff8898a0000 - 0x00007ff889999000 	C:\Windows\SYSTEM32\textinputframework.dll
0x00007ff8a4bc0000 - 0x00007ff8a4cb2000 	C:\Windows\System32\CoreMessaging.dll
0x00007ff8a4860000 - 0x00007ff8a4bbe000 	C:\Windows\System32\CoreUIComponents.dll
0x00007ff8a40a0000 - 0x00007ff8a41f4000 	C:\Windows\SYSTEM32\wintypes.dll
0x00007ff892190000 - 0x00007ff8921f6000 	C:\Windows\system32\Oleacc.dll
0x00007ff84ba70000 - 0x00007ff84baf9000 	C:\Program Files (x86)\Overwolf\0.166.1.13\OWExplorer.dll
0x00007ff882510000 - 0x00007ff882534000 	C:\Program Files\Java\jre1.8.0_281\bin\sunec.dll
0x00007ff88e8f0000 - 0x00007ff88e8fd000 	C:\Program Files\Java\jre1.8.0_281\bin\sunmscapi.dll
0x00007ff8a7060000 - 0x00007ff8a7087000 	C:\Windows\SYSTEM32\ncrypt.dll
0x00007ff8a7020000 - 0x00007ff8a705b000 	C:\Windows\SYSTEM32\NTASN1.dll
0x00007ff80e4e0000 - 0x00007ff80e8dd000 	C:\Program Files (x86)\Overwolf\0.166.1.13\OWClient.dll
0x00007ff84f590000 - 0x00007ff84f603000 	C:\Program Files (x86)\Overwolf\0.166.1.13\OWUtils.dll
0x00007ff8993f0000 - 0x00007ff8995d4000 	C:\Windows\SYSTEM32\dbghelp.dll

VM Arguments:
jvm_args: -Xincgc -Xmx1024M -Xms1024M -Dfile.encoding=Cp1250 
java_command: GradleStartServer
java_class_path (initial): G:\Minecraft-modding\Forge\PortalReloaded_1.12.2\bin;C:\Users\macie\.gradle\caches\minecraft\net\minecraftforge\forge\1.12.2-14.23.5.2847\snapshot\20171003\forgeSrc-1.12.2-14.23.5.2847.jar;C:\Users\macie\.gradle\caches\modules-2\files-2.1\com.google.code.findbugs\jsr305\3.0.1\f7be08ec23c21485b9b5a1cf1654c2ec8c58168d\jsr305-3.0.1.jar;C:\Users\macie\.gradle\caches\modules-2\files-2.1\com.mojang\patchy\1.1\aef610b34a1be37fa851825f12372b78424d8903\patchy-1.1.jar;C:\Users\macie\.gradle\caches\modules-2\files-2.1\oshi-project\oshi-core\1.1\9ddf7b048a8d701be231c0f4f95fd986198fd2d8\oshi-core-1.1.jar;C:\Users\macie\.gradle\caches\modules-2\files-2.1\net.java.dev.jna\jna\4.4.0\cb208278274bf12ebdb56c61bd7407e6f774d65a\jna-4.4.0.jar;C:\Users\macie\.gradle\caches\modules-2\files-2.1\net.java.dev.jna\platform\3.4.0\e3f70017be8100d3d6923f50b3d2ee17714e9c13\platform-3.4.0.jar;C:\Users\macie\.gradle\caches\modules-2\files-2.1\com.ibm.icu\icu4j-core-mojang\51.2\63d216a9311cca6be337c1e458e587f99d382b84\icu4j-core-mojang-51.2.jar;C:\Users\macie\.gradle\caches\modules-2\files-2.1\net.sf.jopt-simple\jopt-simple\5.0.3\cdd846cfc4e0f7eefafc02c0f5dce32b9303aa2a\jopt-simple-5.0.3.jar;C:\Users\macie\.gradle\caches\modules-2\files-2.1\io.netty\netty-all\4.1.9.Final\97860965d6a0a6b98e7f569f3f966727b8db75\netty-all-4.1.9.Final.jar;C:\Users\macie\.gradle\caches\modules-2\files-2.1\com.google.guava\guava\21.0\3a3d111be1be1b745edfa7d91678a12d7ed38709\guava-21.0.jar;C:\Users\macie\.gradle\caches\modules-2\files-2.1\org.apache.commons\commons-lang3\3.5\6c6c702c89bfff3cd9e80b04d668c5e190d588c6\commons-lang3-3.5.jar;C:\Users\macie\.gradle\caches\modules-2\files-2.1\commons-io\commons-io\2.5\2852e6e05fbb95076fc091f6d1780f1f8fe35e0f\commons-io-2.5.jar;C:\Users\macie\.gradle\caches\modules-2\files-2.1\commons-codec\commons-codec\1.10\4b95f4897fa13f2cd904aee711aeafc0c5295cd8\commons-codec-1.10.jar;C:\Users\macie\.gradle\caches\modules-2\files-2.1\net.java.jutils\jutils\1.0.0\e12
Launcher Type: SUN_STANDARD

Environment Variables:
JAVA_HOME=C:\Program Files\AdoptOpenJDK\jdk-8.0.312.7-hotspot\
PATH=C:/Program Files/Java/jdk-14.0.2/bin/server;C:/Program Files/Java/jdk-14.0.2/bin;C:\Program Files\AdoptOpenJDK\jdk-8.0.312.7-hotspot\bin;C:\Python27\;C:\Python27\Scripts;C:\Windows\system32;C:\Windows;C:\Windows\System32\Wbem;C:\Windows\System32\WindowsPowerShell\v1.0\;C:\Windows\System32\OpenSSH\;C:\Program Files\NVIDIA Corporation\NVIDIA NvDLISR;C:\Program Files\Microsoft VS Code\bin;C:\Program Files\TortoiseHg\;C:\Program Files (x86)\sqlite;C:\Program Files (x86)\PsTools;G:\Minecraft-modding\tools;C:\Program Files\nodejs\;C:\Program Files\Git\cmd;C:\ProgramData\chocolatey\bin;C:\Program Files (x86)\GTK2-Runtime\bin;G:\Minecraft-modding\tools\GeneratorFabricMod\bin;C:\Users\macie\AppData\Roaming\npm;C:\Program Files\PuTTY\;C:\Program Files\CMake\bin;C:\Program Files\dotnet\;C:\Program Files (x86)\Gradle\gradle-7.0\bin;C:\Program Files\Ferro Software\FtpUse;C:\Program Files\Microsoft SQL Server Migration Assistant for Access\bin\;C:\Program Files (x86)\ZeroTier\One\;C:\Program Files (x86)\NVIDIA Corporation\PhysX\Common;C:\Program Files\Microsoft SQL Server\150\Tools\Binn\;C:\Program Files\Microsoft SQL Server\Client SDK\ODBC\170\Tools\Binn\;C:\Users\macie\.windows-build-tools\python27\;C:\Program Files\MySQL\MySQL Shell 8.0\bin\;C:\Users\macie\AppData\Local\Programs\Python\Python36\Scripts\;C:\Users\macie\AppData\Local\Programs\Python\Python36\;C:\Users\macie\AppData\Local\Microsoft\WindowsApps;C:\Users\macie\AppData\Roaming\npm;C:\libjpeg-turbo64\bin;C:\Users\macie\.dotnet\tools;C:\Program Files (x86)\ftldat;C:\Users\macie\.dotnet\tools;C:\Program Files (x86)\Nmap;C:\Program Files (x86)\SWFTools;;C:\Users\macie\eclipse\java-2020-06\eclipse;
USERNAME=macie
OS=Windows_NT
PROCESSOR_IDENTIFIER=Intel64 Family 6 Model 60 Stepping 3, GenuineIntel



---------------  S Y S T E M  ---------------

OS: Windows 10.0 , 64 bit Build 19041 (10.0.19041.1348)

CPU:total 8 (initial active 8) (4 cores per cpu, 2 threads per core) family 6 model 60 stepping 3, cmov, cx8, fxsr, mmx, sse, sse2, sse3, ssse3, sse4.1, sse4.2, popcnt, avx, avx2, aes, clmul, erms, lzcnt, ht, tsc, tscinvbit, bmi1, bmi2

Memory: 4k page, physical 15651248k(5573160k free), swap 31379888k(11503056k free)

vm_info: Java HotSpot(TM) 64-Bit Server VM (25.281-b09) for windows-amd64 JRE (1.8.0_281-b09), built on Dec  9 2020 13:54:07 by "" with MS VC++ 15.9 (VS2017)

time: Wed Jan  5 18:01:20 2022
timezone: Œrodkowoeuropejski czas stand.
elapsed time: 390.216494 seconds (0d 0h 6m 30s)

