#
# A fatal error has been detected by the Java Runtime Environment:
#
#  EXCEPTION_ACCESS_VIOLATION (0xc0000005) at pc=0x00007fff1913ede3, pid=11688, tid=0x000000000000238c
#
# JRE version: OpenJDK Runtime Environment (8.0_262-b10) (build 1.8.0_262-b10)
# Java VM: OpenJDK 64-Bit Server VM (25.262-b10 mixed mode windows-amd64 compressed oops)
# Problematic frame:
# C  [OWClient.dll+0x6ede3]
#
# Failed to write core dump. Minidumps are not enabled by default on client versions of Windows
#
# If you would like to submit a bug report, please visit:
#   http://bugreport.java.com/bugreport/crash.jsp
#

---------------  T H R E A D  ---------------

Current thread (0x0000020b464de800):  VMThread [stack: 0x000000aba8300000,0x000000aba8400000] [id=9100]

siginfo: ExceptionCode=0xc0000005, reading address 0x0000000000000048

Registers:
RAX=0x0000020b4b169630, RBX=0x0000020b4b169638, RCX=0x0000020b4b169638, RDX=0x0000000000000002
RSP=0x000000aba83febb0, RBP=0x0000020b4b169610, RSI=0x0000020b4cb4a601, RDI=0x0000000000000000
R8 =0x0000000000000002, R9 =0x0000000000ff66ff, R10=0x0000000000008000, R11=0x000000aba83fec38
R12=0x00007fff19360900, R13=0x0000000000000000, R14=0x0000b84a34211afa, R15=0x00007fff19361608
RIP=0x00007fff1913ede3, EFLAGS=0x0000000000010202

Top of Stack: (sp=0x000000aba83febb0)
0x000000aba83febb0:   00007fff00000000 0000020b4bdcc7b0
0x000000aba83febc0:   00007fff190d6490 00007fff7ee792bb
0x000000aba83febd0:   0000020b00000001 00007fff19360900
0x000000aba83febe0:   0000020b00000033 00007fff193608c8
0x000000aba83febf0:   0000000000000000 0000000000000000
0x000000aba83fec00:   fffffffffffffffe 00007fff19361608
0x000000aba83fec10:   0000000000000001 0000020b4b169630
0x000000aba83fec20:   00007fff1935f0d8 0000000000000000
0x000000aba83fec30:   0000020b4cb4a6a0 00007fff1912d357
0x000000aba83fec40:   0000000000000001 0000020b486bee08
0x000000aba83fec50:   0000020b4cb4a6a0 00007fff19368f80
0x000000aba83fec60:   0000000000000001 00007fff1935f1a0
0x000000aba83fec70:   00007fff000002ec 00007fff1935f180
0x000000aba83fec80:   00007fff00000000 0000020b486bee08
0x000000aba83fec90:   00007fff190d6490 0000020b4cb4a6a0
0x000000aba83feca0:   00007fff190d6490 00007fff1934c348 

Instructions: (pc=0x00007fff1913ede3)
0x00007fff1913edc3:   40 b6 01 eb 0e ff 15 a2 07 1f 00 33 f6 84 c0 40
0x00007fff1913edd3:   0f 95 c6 40 88 74 24 60 c6 45 18 00 48 8b 7d 30
0x00007fff1913ede3:   48 8b 57 48 48 85 d2 74 27 45 33 c0 33 c9 ff 15
0x00007fff1913edf3:   69 03 1f 00 8b 4f 44 85 c9 74 0d ff 15 ec 0c 1f 


Register to memory mapping:

RAX=
[error occurred during error reporting (printing register info), id 0xc0000005]

Stack: [0x000000aba8300000,0x000000aba8400000],  sp=0x000000aba83febb0,  free space=1018k
Native frames: (J=compiled Java code, j=interpreted, Vv=VM code, C=native code)
C  [OWClient.dll+0x6ede3]
C  [OWClient.dll+0x5d357]
C  [OWClient.dll+0x5bb57]
C  [OWClient.dll+0x5b9b4]
C  [OWClient.dll+0x3c721]
C  [OWClient.dll+0x3c174]
C  [OWClient.dll+0x843b]
C  [OWClient.dll+0x6ec8]
C  [OWClient.dll+0x19aebf]
C  [OWClient.dll+0x19ac6d]
C  [OWClient.dll+0x19af91]
C  [OWClient.dll+0x19a32f]
C  [OWClient.dll+0x19a2ad]
C  [OWClient.dll+0x19a433]
C  [OWClient.dll+0x17bcfb]
C  [OWClient.dll+0x17c48a]
C  [OWClient.dll+0x17c580]
C  [ntdll.dll+0x19a1d]
C  [ntdll.dll+0x5db91]
C  [ntdll.dll+0x5da2d]
C  0x00007fff814f0021

VM_Operation (0x000000aba9e2f310): Exit, mode: safepoint, requested by thread 0x0000020b49ca2800


---------------  P R O C E S S  ---------------

Java Threads: ( => current thread )
  0x0000020b47f64000 JavaThread "Netty Server IO #2" daemon [_thread_blocked, id=11084, stack(0x000000aba9800000,0x000000aba9900000)]
  0x0000020b47f65800 JavaThread "threadDeathWatcher-2-1" daemon [_thread_blocked, id=5552, stack(0x000000abaab90000,0x000000abaac90000)]
  0x0000020b47f62000 JavaThread "Netty Server IO #1" daemon [_thread_in_native, id=10704, stack(0x000000abaa190000,0x000000abaa290000)]
  0x0000020b47f60800 JavaThread "File IO Thread" [_thread_blocked, id=612, stack(0x000000abaa890000,0x000000abaa990000)]
  0x0000020b47f63000 JavaThread "Server Watchdog" daemon [_thread_blocked, id=2456, stack(0x000000abaa390000,0x000000abaa490000)]
  0x0000020b47f64800 JavaThread "Netty Server IO #0" daemon [_thread_in_native, id=1440, stack(0x000000abaa690000,0x000000abaa790000)]
  0x0000020b49ca6800 JavaThread "ForkJoinPool.commonPool-worker-5" daemon [_thread_blocked, id=16132, stack(0x000000abaa590000,0x000000abaa690000)]
  0x0000020b49c9f000 JavaThread "Server console handler" daemon [_thread_in_native, id=7032, stack(0x000000aba9e30000,0x000000aba9f30000)]
  0x0000020b49ca3000 JavaThread "DestroyJavaVM" [_thread_blocked, id=13568, stack(0x000000aba7700000,0x000000aba7800000)]
  0x0000020b49ca2800 JavaThread "Server thread" [_thread_blocked, id=2984, stack(0x000000aba9d30000,0x000000aba9e30000)]
  0x0000020b4b260800 JavaThread "TimerQueue" daemon [_thread_blocked, id=18408, stack(0x000000aba9700000,0x000000aba9800000)]
  0x0000020b4b261800 JavaThread "Thread-4" daemon [_thread_blocked, id=16156, stack(0x000000aba9600000,0x000000aba9700000)]
  0x0000020b4990e000 JavaThread "AWT-EventQueue-0" [_thread_in_native, id=10640, stack(0x000000aba9500000,0x000000aba9600000)]
  0x0000020b48581800 JavaThread "AWT-Shutdown" [_thread_blocked, id=15432, stack(0x000000aba9300000,0x000000aba9400000)]
  0x0000020b486ac000 JavaThread "Java2D Disposer" daemon [_thread_blocked, id=10940, stack(0x000000aba9200000,0x000000aba9300000)]
  0x0000020b478fc000 JavaThread "Server Infinisleeper" daemon [_thread_blocked, id=5808, stack(0x000000aba9100000,0x000000aba9200000)]
  0x0000020b4974d000 JavaThread "Thread-1" [_thread_blocked, id=12488, stack(0x000000aba8f00000,0x000000aba9000000)]
  0x0000020b46e03000 JavaThread "Service Thread" daemon [_thread_blocked, id=8216, stack(0x000000aba8d00000,0x000000aba8e00000)]
  0x0000020b46d69800 JavaThread "C1 CompilerThread3" daemon [_thread_blocked, id=15216, stack(0x000000aba8c00000,0x000000aba8d00000)]
  0x0000020b46d66800 JavaThread "C2 CompilerThread2" daemon [_thread_blocked, id=2652, stack(0x000000aba8b00000,0x000000aba8c00000)]
  0x0000020b46d66000 JavaThread "C2 CompilerThread1" daemon [_thread_blocked, id=11416, stack(0x000000aba8a00000,0x000000aba8b00000)]
  0x0000020b46d62000 JavaThread "C2 CompilerThread0" daemon [_thread_blocked, id=6576, stack(0x000000aba8900000,0x000000aba8a00000)]
  0x0000020b46d61000 JavaThread "Attach Listener" daemon [_thread_blocked, id=2976, stack(0x000000aba8800000,0x000000aba8900000)]
  0x0000020b46d5d800 JavaThread "Signal Dispatcher" daemon [_thread_blocked, id=792, stack(0x000000aba8700000,0x000000aba8800000)]
  0x0000020b46d5a800 JavaThread "Surrogate Locker Thread (Concurrent GC)" daemon [_thread_blocked, id=12144, stack(0x000000aba8600000,0x000000aba8700000)]
  0x0000020b46d0f000 JavaThread "Finalizer" daemon [_thread_blocked, id=13028, stack(0x000000aba8500000,0x000000aba8600000)]
  0x0000020b46d06800 JavaThread "Reference Handler" daemon [_thread_blocked, id=11428, stack(0x000000aba8400000,0x000000aba8500000)]

Other Threads:
=>0x0000020b464de800 VMThread [stack: 0x000000aba8300000,0x000000aba8400000] [id=9100]

VM state:at safepoint (shutting down)

VM Mutex/Monitor currently owned by a thread:  ([mutex/lock_event])
[0x0000020b31548a30] Threads_lock - owner thread: 0x0000020b464de800

heap address: 0x00000000c0000000, size: 1024 MB, Compressed Oops mode: 32-bit
Narrow klass base: 0x0000000000000000, Narrow klass shift: 3
Compressed class space size: 1073741824 Address: 0x0000000100000000

Heap:
 par new generation   total 314560K, used 36811K [0x00000000c0000000, 0x00000000d5550000, 0x00000000d5550000)
  eden space 279616K,  10% used [0x00000000c0000000, 0x00000000c1cb9348, 0x00000000d1110000)
  from space 34944K,  21% used [0x00000000d3330000, 0x00000000d3a69c28, 0x00000000d5550000)
  to   space 34944K,   0% used [0x00000000d1110000, 0x00000000d1110000, 0x00000000d3330000)
 concurrent mark-sweep generation total 699072K, used 159889K [0x00000000d5550000, 0x0000000100000000, 0x0000000100000000)
 Metaspace       used 57460K, capacity 58226K, committed 58904K, reserved 1099776K
  class space    used 7581K, capacity 7840K, committed 7960K, reserved 1048576K

Card table byte_map: [0x0000020b42290000,0x0000020b424a0000] byte_map_base: 0x0000020b41c90000

Marking Bits: (CMSBitMap*) 0x0000020b315ddbd8
 Bits: [0x0000020b42e80000, 0x0000020b4392ac00)

Mod Union Table: (CMSBitMap*) 0x0000020b315ddc98
 Bits: [0x0000020b43930000, 0x0000020b4395aab0)

Polling page: 0x0000020b314f0000

CodeCache: size=245760Kb used=29171Kb max_used=31159Kb free=216588Kb
 bounds [0x0000020b32ed0000, 0x0000020b34d90000, 0x0000020b41ed0000]
 total_blobs=8468 nmethods=7608 adapters=769
 compilation: enabled

Compilation events (10 events):
Event: 53.640 Thread 0x0000020b46d62000 10401       4       java.util.concurrent.ConcurrentHashMap$BaseIterator::hasNext (13 bytes)
Event: 53.640 Thread 0x0000020b46d62000 nmethod 10401 0x0000020b33ae8190 code [0x0000020b33ae82c0, 0x0000020b33ae8338]
Event: 53.641 Thread 0x0000020b46d69800 nmethod 10396 0x0000020b349ed310 code [0x0000020b349edbc0, 0x0000020b349f3f20]
Event: 53.641 Thread 0x0000020b46d69800 10395       3       org.apache.logging.log4j.core.util.NameUtil::getSubName (32 bytes)
Event: 53.641 Thread 0x0000020b46d66800 nmethod 10398 0x0000020b349eb0d0 code [0x0000020b349eb240, 0x0000020b349eb5a8]
Event: 53.641 Thread 0x0000020b46d69800 nmethod 10395 0x0000020b34b74b50 code [0x0000020b34b74d00, 0x0000020b34b752e0]
Event: 53.641 Thread 0x0000020b46d69800 10399       3       org.apache.logging.log4j.status.StatusLogger::isEnabled (7 bytes)
Event: 53.642 Thread 0x0000020b46d69800 nmethod 10399 0x0000020b349eac90 code [0x0000020b349eae00, 0x0000020b349eb010]
Event: 53.642 Thread 0x0000020b46d69800 10400       1       java.util.Hashtable$Entry::getKey (5 bytes)
Event: 53.642 Thread 0x0000020b46d69800 nmethod 10400 0x0000020b34781a10 code [0x0000020b34781b60, 0x0000020b34781c78]

GC Heap History (10 events):
Event: 51.167 GC heap before
{Heap before GC invocations=91 (full 117):
 par new generation   total 314560K, used 14913K [0x00000000c0000000, 0x00000000d5550000, 0x00000000d5550000)
  eden space 279616K,   5% used [0x00000000c0000000, 0x00000000c0e90420, 0x00000000d1110000)
  from space 34944K,   0% used [0x00000000d1110000, 0x00000000d1110000, 0x00000000d3330000)
  to   space 34944K,   0% used [0x00000000d3330000, 0x00000000d3330000, 0x00000000d5550000)
 concurrent mark-sweep generation total 699072K, used 141287K [0x00000000d5550000, 0x0000000100000000, 0x0000000100000000)
 Metaspace       used 57130K, capacity 57852K, committed 58520K, reserved 1099776K
  class space    used 7541K, capacity 7763K, committed 7832K, reserved 1048576K
Event: 51.389 GC heap after
Heap after GC invocations=92 (full 118):
 par new generation   total 314560K, used 0K [0x00000000c0000000, 0x00000000d5550000, 0x00000000d5550000)
  eden space 279616K,   0% used [0x00000000c0000000, 0x00000000c0000000, 0x00000000d1110000)
  from space 34944K,   0% used [0x00000000d1110000, 0x00000000d1110000, 0x00000000d3330000)
  to   space 34944K,   0% used [0x00000000d3330000, 0x00000000d3330000, 0x00000000d5550000)
 concurrent mark-sweep generation total 699072K, used 140960K [0x00000000d5550000, 0x0000000100000000, 0x0000000100000000)
 Metaspace       used 57130K, capacity 57852K, committed 58520K, reserved 1099776K
  class space    used 7541K, capacity 7763K, committed 7832K, reserved 1048576K
}
Event: 51.669 GC heap before
{Heap before GC invocations=92 (full 119):
 par new generation   total 314560K, used 15798K [0x00000000c0000000, 0x00000000d5550000, 0x00000000d5550000)
  eden space 279616K,   5% used [0x00000000c0000000, 0x00000000c0f6da10, 0x00000000d1110000)
  from space 34944K,   0% used [0x00000000d1110000, 0x00000000d1110000, 0x00000000d3330000)
  to   space 34944K,   0% used [0x00000000d3330000, 0x00000000d3330000, 0x00000000d5550000)
 concurrent mark-sweep generation total 699072K, used 140960K [0x00000000d5550000, 0x0000000100000000, 0x0000000100000000)
 Metaspace       used 57132K, capacity 57852K, committed 58520K, reserved 1099776K
  class space    used 7541K, capacity 7763K, committed 7832K, reserved 1048576K
Event: 51.959 GC heap after
Heap after GC invocations=93 (full 120):
 par new generation   total 314560K, used 0K [0x00000000c0000000, 0x00000000d5550000, 0x00000000d5550000)
  eden space 279616K,   0% used [0x00000000c0000000, 0x00000000c0000000, 0x00000000d1110000)
  from space 34944K,   0% used [0x00000000d1110000, 0x00000000d1110000, 0x00000000d3330000)
  to   space 34944K,   0% used [0x00000000d3330000, 0x00000000d3330000, 0x00000000d5550000)
 concurrent mark-sweep generation total 699072K, used 140960K [0x00000000d5550000, 0x0000000100000000, 0x0000000100000000)
 Metaspace       used 57132K, capacity 57852K, committed 58520K, reserved 1099776K
  class space    used 7541K, capacity 7763K, committed 7832K, reserved 1048576K
}
Event: 52.175 GC heap before
{Heap before GC invocations=93 (full 120):
 par new generation   total 314560K, used 19176K [0x00000000c0000000, 0x00000000d5550000, 0x00000000d5550000)
  eden space 279616K,   6% used [0x00000000c0000000, 0x00000000c12ba130, 0x00000000d1110000)
  from space 34944K,   0% used [0x00000000d1110000, 0x00000000d1110000, 0x00000000d3330000)
  to   space 34944K,   0% used [0x00000000d3330000, 0x00000000d3330000, 0x00000000d5550000)
 concurrent mark-sweep generation total 699072K, used 140960K [0x00000000d5550000, 0x0000000100000000, 0x0000000100000000)
 Metaspace       used 57332K, capacity 58056K, committed 58520K, reserved 1099776K
  class space    used 7576K, capacity 7807K, committed 7832K, reserved 1048576K
Event: 52.431 GC heap after
Heap after GC invocations=94 (full 121):
 par new generation   total 314560K, used 0K [0x00000000c0000000, 0x00000000d5550000, 0x00000000d5550000)
  eden space 279616K,   0% used [0x00000000c0000000, 0x00000000c0000000, 0x00000000d1110000)
  from space 34944K,   0% used [0x00000000d1110000, 0x00000000d1110000, 0x00000000d3330000)
  to   space 34944K,   0% used [0x00000000d3330000, 0x00000000d3330000, 0x00000000d5550000)
 concurrent mark-sweep generation total 699072K, used 141041K [0x00000000d5550000, 0x0000000100000000, 0x0000000100000000)
 Metaspace       used 57332K, capacity 58056K, committed 58520K, reserved 1099776K
  class space    used 7576K, capacity 7807K, committed 7832K, reserved 1048576K
}
Event: 52.671 GC heap before
{Heap before GC invocations=94 (full 121):
 par new generation   total 314560K, used 41850K [0x00000000c0000000, 0x00000000d5550000, 0x00000000d5550000)
  eden space 279616K,  14% used [0x00000000c0000000, 0x00000000c28de898, 0x00000000d1110000)
  from space 34944K,   0% used [0x00000000d1110000, 0x00000000d1110000, 0x00000000d3330000)
  to   space 34944K,   0% used [0x00000000d3330000, 0x00000000d3330000, 0x00000000d5550000)
 concurrent mark-sweep generation total 699072K, used 141041K [0x00000000d5550000, 0x0000000100000000, 0x0000000100000000)
 Metaspace       used 57405K, capacity 58226K, committed 58904K, reserved 1099776K
  class space    used 7580K, capacity 7840K, committed 7960K, reserved 1048576K
Event: 52.933 GC heap after
Heap after GC invocations=95 (full 122):
 par new generation   total 314560K, used 0K [0x00000000c0000000, 0x00000000d5550000, 0x00000000d5550000)
  eden space 279616K,   0% used [0x00000000c0000000, 0x00000000c0000000, 0x00000000d1110000)
  from space 34944K,   0% used [0x00000000d1110000, 0x00000000d1110000, 0x00000000d3330000)
  to   space 34944K,   0% used [0x00000000d3330000, 0x00000000d3330000, 0x00000000d5550000)
 concurrent mark-sweep generation total 699072K, used 159889K [0x00000000d5550000, 0x0000000100000000, 0x0000000100000000)
 Metaspace       used 57405K, capacity 58226K, committed 58904K, reserved 1099776K
  class space    used 7580K, capacity 7840K, committed 7960K, reserved 1048576K
}
Event: 53.171 GC heap before
{Heap before GC invocations=95 (full 123):
 par new generation   total 314560K, used 21105K [0x00000000c0000000, 0x00000000d5550000, 0x00000000d5550000)
  eden space 279616K,   7% used [0x00000000c0000000, 0x00000000c149c668, 0x00000000d1110000)
  from space 34944K,   0% used [0x00000000d1110000, 0x00000000d1110000, 0x00000000d3330000)
  to   space 34944K,   0% used [0x00000000d3330000, 0x00000000d3330000, 0x00000000d5550000)
 concurrent mark-sweep generation total 699072K, used 159889K [0x00000000d5550000, 0x0000000100000000, 0x0000000100000000)
 Metaspace       used 57421K, capacity 58226K, committed 58904K, reserved 1099776K
  class space    used 7580K, capacity 7840K, committed 7960K, reserved 1048576K
Event: 53.173 GC heap after
Heap after GC invocations=96 (full 123):
 par new generation   total 314560K, used 7399K [0x00000000c0000000, 0x00000000d5550000, 0x00000000d5550000)
  eden space 279616K,   0% used [0x00000000c0000000, 0x00000000c0000000, 0x00000000d1110000)
  from space 34944K,  21% used [0x00000000d3330000, 0x00000000d3a69c28, 0x00000000d5550000)
  to   space 34944K,   0% used [0x00000000d1110000, 0x00000000d1110000, 0x00000000d3330000)
 concurrent mark-sweep generation total 699072K, used 159889K [0x00000000d5550000, 0x0000000100000000, 0x0000000100000000)
 Metaspace       used 57421K, capacity 58226K, committed 58904K, reserved 1099776K
  class space    used 7580K, capacity 7840K, committed 7960K, reserved 1048576K
}

Deoptimization events (10 events):
Event: 53.634 Thread 0x0000020b47f66000 Uncommon trap: reason=speculate_class_check action=maybe_recompile pc=0x0000020b345f37a8 method=java.util.concurrent.locks.ReentrantReadWriteLock$Sync.tryAcquireShared(I)I @ 33
Event: 53.634 Thread 0x0000020b47f66000 Uncommon trap: reason=speculate_class_check action=maybe_recompile pc=0x0000020b345f37a8 method=java.util.concurrent.locks.ReentrantReadWriteLock$Sync.tryAcquireShared(I)I @ 33
Event: 53.634 Thread 0x0000020b47f66000 Uncommon trap: reason=speculate_class_check action=maybe_recompile pc=0x0000020b34977884 method=java.util.concurrent.locks.ReentrantReadWriteLock$Sync.tryAcquire(I)Z @ 66
Event: 53.634 Thread 0x0000020b47f66000 Uncommon trap: reason=speculate_class_check action=maybe_recompile pc=0x0000020b345f37a8 method=java.util.concurrent.locks.ReentrantReadWriteLock$Sync.tryAcquireShared(I)I @ 33
Event: 53.634 Thread 0x0000020b47f66000 Uncommon trap: reason=speculate_class_check action=maybe_recompile pc=0x0000020b345f37a8 method=java.util.concurrent.locks.ReentrantReadWriteLock$Sync.tryAcquireShared(I)I @ 33
Event: 53.634 Thread 0x0000020b47f66000 Uncommon trap: reason=speculate_class_check action=maybe_recompile pc=0x0000020b34977884 method=java.util.concurrent.locks.ReentrantReadWriteLock$Sync.tryAcquire(I)Z @ 66
Event: 53.634 Thread 0x0000020b47f66000 Uncommon trap: reason=speculate_class_check action=maybe_recompile pc=0x0000020b3453ebd8 method=java.util.concurrent.locks.ReentrantReadWriteLock$Sync.tryAcquireShared(I)I @ 33
Event: 53.634 Thread 0x0000020b47f66000 Uncommon trap: reason=speculate_class_check action=maybe_recompile pc=0x0000020b3453ebd8 method=java.util.concurrent.locks.ReentrantReadWriteLock$Sync.tryAcquireShared(I)I @ 33
Event: 53.634 Thread 0x0000020b47f66000 Uncommon trap: reason=speculate_class_check action=maybe_recompile pc=0x0000020b34977884 method=java.util.concurrent.locks.ReentrantReadWriteLock$Sync.tryAcquire(I)Z @ 66
Event: 53.634 Thread 0x0000020b47f66000 Uncommon trap: reason=speculate_class_check action=maybe_recompile pc=0x0000020b34977884 method=java.util.concurrent.locks.ReentrantReadWriteLock$Sync.tryAcquire(I)Z @ 66

Classes redefined (0 events):
No events

Internal exceptions (10 events):
Event: 52.470 Thread 0x0000020b49ca2800 NullPointerException at vtable entry 0x0000020b32fe5f28
Event: 52.470 Thread 0x0000020b49ca2800 Exception <a 'java/lang/NullPointerException'> (0x00000000c0ead330) thrown at [C:\workspace\openjdk-build\workspace\build\src\hotspot\src\share\vm\runtime\sharedRuntime.cpp, line 605]
Event: 52.470 Thread 0x0000020b49ca2800 NullPointerException at vtable entry 0x0000020b32fe5f28
Event: 52.470 Thread 0x0000020b49ca2800 Exception <a 'java/lang/NullPointerException'> (0x00000000c0eb5b38) thrown at [C:\workspace\openjdk-build\workspace\build\src\hotspot\src\share\vm\runtime\sharedRuntime.cpp, line 605]
Event: 52.471 Thread 0x0000020b49ca2800 NullPointerException at vtable entry 0x0000020b32fe5f28
Event: 52.471 Thread 0x0000020b49ca2800 Exception <a 'java/lang/NullPointerException'> (0x00000000c0ebefe0) thrown at [C:\workspace\openjdk-build\workspace\build\src\hotspot\src\share\vm\runtime\sharedRuntime.cpp, line 605]
Event: 52.472 Thread 0x0000020b49ca2800 NullPointerException at vtable entry 0x0000020b32fe5f28
Event: 52.472 Thread 0x0000020b49ca2800 Exception <a 'java/lang/NullPointerException'> (0x00000000c0ecfc68) thrown at [C:\workspace\openjdk-build\workspace\build\src\hotspot\src\share\vm\runtime\sharedRuntime.cpp, line 605]
Event: 52.472 Thread 0x0000020b49ca2800 NullPointerException at vtable entry 0x0000020b32fe5f28
Event: 52.472 Thread 0x0000020b49ca2800 Exception <a 'java/lang/NullPointerException'> (0x00000000c0ed8e20) thrown at [C:\workspace\openjdk-build\workspace\build\src\hotspot\src\share\vm\runtime\sharedRuntime.cpp, line 605]

Events (10 events):
Event: 53.634 Thread 0x0000020b47f66000 DEOPT PACKING pc=0x0000020b34977884 sp=0x000000abab28f180
Event: 53.634 Thread 0x0000020b47f66000 DEOPT UNPACKING pc=0x0000020b32f15583 sp=0x000000abab28f110 mode 2
Event: 53.635 Thread 0x0000020b47f6d000 Thread exited: 0x0000020b47f6d000
Event: 53.640 Thread 0x0000020b49ca4000 Thread exited: 0x0000020b49ca4000
Event: 53.642 Thread 0x0000020b47f66000 Thread exited: 0x0000020b47f66000
Event: 53.651 loading class sun/java2d/pipe/hw/AccelDeviceEventNotifier
Event: 53.651 loading class sun/java2d/pipe/hw/AccelDeviceEventNotifier done
Event: 53.770 Thread 0x0000020b4a271800 Thread exited: 0x0000020b4a271800
Event: 53.849 Thread 0x0000020b47f6b800 Thread exited: 0x0000020b47f6b800
Event: 53.851 Executing VM operation: Exit


Dynamic libraries:
0x00007ff719dd0000 - 0x00007ff719e0a000 	C:\Program Files\AdoptOpenJDK\jdk-8.0.262.10-hotspot\bin\javaw.exe
0x00007fff812f0000 - 0x00007fff814e5000 	C:\Windows\SYSTEM32\ntdll.dll
0x00007fff80b50000 - 0x00007fff80c0d000 	C:\Windows\System32\KERNEL32.DLL
0x00007fff7ee30000 - 0x00007fff7f0f8000 	C:\Windows\System32\KERNELBASE.dll
0x00007fff7fb80000 - 0x00007fff7fc2c000 	C:\Windows\System32\ADVAPI32.dll
0x00007fff81000000 - 0x00007fff8109e000 	C:\Windows\System32\msvcrt.dll
0x00007fff80000000 - 0x00007fff8009b000 	C:\Windows\System32\sechost.dll
0x00007fff80c10000 - 0x00007fff80d3b000 	C:\Windows\System32\RPCRT4.dll
0x00007fff80d40000 - 0x00007fff80ee0000 	C:\Windows\System32\USER32.dll
0x00007fff7eda0000 - 0x00007fff7edc2000 	C:\Windows\System32\win32u.dll
0x00007fff810a0000 - 0x00007fff810ca000 	C:\Windows\System32\GDI32.dll
0x00007fff7eb90000 - 0x00007fff7ec9b000 	C:\Windows\System32\gdi32full.dll
0x00007fff7f200000 - 0x00007fff7f29d000 	C:\Windows\System32\msvcp_win.dll
0x00007fff7eca0000 - 0x00007fff7eda0000 	C:\Windows\System32\ucrtbase.dll
0x00007fff69e70000 - 0x00007fff6a10a000 	C:\Windows\WinSxS\amd64_microsoft.windows.common-controls_6595b64144ccf1df_6.0.19041.844_none_ca00b6081b84eb1d\COMCTL32.dll
0x00007fff7f3e0000 - 0x00007fff7f410000 	C:\Windows\System32\IMM32.DLL
0x00007fff4f560000 - 0x00007fff4f64f000 	C:\Program Files\AdoptOpenJDK\jdk-8.0.262.10-hotspot\jre\bin\msvcr120.dll
0x00007fff4bd10000 - 0x00007fff4bdb6000 	C:\Program Files\AdoptOpenJDK\jdk-8.0.262.10-hotspot\jre\bin\msvcp120.dll
0x000000005bf00000 - 0x000000005c767000 	C:\Program Files\AdoptOpenJDK\jdk-8.0.262.10-hotspot\jre\bin\server\jvm.dll
0x00007fff7fc30000 - 0x00007fff7fc38000 	C:\Windows\System32\PSAPI.DLL
0x00007fff72680000 - 0x00007fff72689000 	C:\Windows\SYSTEM32\WSOCK32.dll
0x00007fff742e0000 - 0x00007fff74307000 	C:\Windows\SYSTEM32\WINMM.dll
0x00007fff791a0000 - 0x00007fff791aa000 	C:\Windows\SYSTEM32\VERSION.dll
0x00007fff7fde0000 - 0x00007fff7fe4b000 	C:\Windows\System32\WS2_32.dll
0x00007fff7c210000 - 0x00007fff7c21f000 	C:\Program Files\AdoptOpenJDK\jdk-8.0.262.10-hotspot\jre\bin\verify.dll
0x00007fff71d70000 - 0x00007fff71d98000 	C:\Program Files\AdoptOpenJDK\jdk-8.0.262.10-hotspot\jre\bin\java.dll
0x00007fff71e20000 - 0x00007fff71e36000 	C:\Program Files\AdoptOpenJDK\jdk-8.0.262.10-hotspot\jre\bin\zip.dll
0x00007fff80400000 - 0x00007fff80b42000 	C:\Windows\System32\SHELL32.dll
0x00007fff7cb00000 - 0x00007fff7d291000 	C:\Windows\SYSTEM32\windows.storage.dll
0x00007fff800a0000 - 0x00007fff803f5000 	C:\Windows\System32\combase.dll
0x00007fff7e4a0000 - 0x00007fff7e4cc000 	C:\Windows\SYSTEM32\Wldp.dll
0x00007fff81200000 - 0x00007fff812ae000 	C:\Windows\System32\SHCORE.dll
0x00007fff7faa0000 - 0x00007fff7faf5000 	C:\Windows\System32\shlwapi.dll
0x00007fff7e970000 - 0x00007fff7e98f000 	C:\Windows\SYSTEM32\profapi.dll
0x00007fff77120000 - 0x00007fff7712d000 	C:\Program Files\AdoptOpenJDK\jdk-8.0.262.10-hotspot\jre\bin\management.dll
0x00007fff71d50000 - 0x00007fff71d6a000 	C:\Program Files\AdoptOpenJDK\jdk-8.0.262.10-hotspot\jre\bin\net.dll
0x00007fff7e210000 - 0x00007fff7e27a000 	C:\Windows\system32\mswsock.dll
0x00007fff6a350000 - 0x00007fff6a367000 	C:\Windows\system32\napinsp.dll
0x00007fff6a2f0000 - 0x00007fff6a30b000 	C:\Windows\system32\pnrpnsp.dll
0x00007fff67cf0000 - 0x00007fff67d05000 	C:\Windows\system32\wshbth.dll
0x00007fff7b3c0000 - 0x00007fff7b3dd000 	C:\Windows\system32\NLAapi.dll
0x00007fff7deb0000 - 0x00007fff7deeb000 	C:\Windows\SYSTEM32\IPHLPAPI.DLL
0x00007fff7def0000 - 0x00007fff7dfbc000 	C:\Windows\SYSTEM32\DNSAPI.dll
0x00007fff7f470000 - 0x00007fff7f478000 	C:\Windows\System32\NSI.dll
0x00007fff67a00000 - 0x00007fff67a12000 	C:\Windows\System32\winrnr.dll
0x00007fff77fe0000 - 0x00007fff77fea000 	C:\Windows\System32\rasadhlp.dll
0x00007fff77470000 - 0x00007fff774ef000 	C:\Windows\System32\fwpuclnt.dll
0x00007fff7f150000 - 0x00007fff7f177000 	C:\Windows\System32\bcrypt.dll
0x00007fff71d30000 - 0x00007fff71d42000 	C:\Program Files\AdoptOpenJDK\jdk-8.0.262.10-hotspot\jre\bin\nio.dll
0x00007fff7e3f0000 - 0x00007fff7e408000 	C:\Windows\SYSTEM32\CRYPTSP.dll
0x00007fff7db40000 - 0x00007fff7db74000 	C:\Windows\system32\rsaenh.dll
0x00007fff7e930000 - 0x00007fff7e95e000 	C:\Windows\SYSTEM32\USERENV.dll
0x00007fff7f180000 - 0x00007fff7f200000 	C:\Windows\System32\bcryptprimitives.dll
0x00007fff7e3e0000 - 0x00007fff7e3ec000 	C:\Windows\SYSTEM32\CRYPTBASE.dll
0x00007fff79410000 - 0x00007fff79427000 	C:\Windows\SYSTEM32\dhcpcsvc6.DLL
0x00007fff793f0000 - 0x00007fff7940d000 	C:\Windows\SYSTEM32\dhcpcsvc.DLL
0x00007fff4f510000 - 0x00007fff4f552000 	C:\Users\macie\AppData\Local\Temp\jna-103652011\jna6196889317038482124.dll
0x00007fff48250000 - 0x00007fff483e5000 	C:\Program Files\AdoptOpenJDK\jdk-8.0.262.10-hotspot\jre\bin\awt.dll
0x00007fff7fc40000 - 0x00007fff7fd0d000 	C:\Windows\System32\OLEAUT32.dll
0x00007fff7c270000 - 0x00007fff7c300000 	C:\Windows\SYSTEM32\apphelp.dll
0x00007fff7c440000 - 0x00007fff7c4de000 	C:\Windows\system32\uxtheme.dll
0x00007fff80ee0000 - 0x00007fff80ff5000 	C:\Windows\System32\MSCTF.dll
0x00007fff1c4b0000 - 0x00007fff1c4eb000 	C:\Program Files\Steelseries\SS Audio\Foundation\x64\SSAudioDevProps.dll
0x00007fff810d0000 - 0x00007fff811fa000 	C:\Windows\System32\ole32.dll
0x00007fff1cb40000 - 0x00007fff1cb57000 	C:\Program Files (x86)\LG Electronics\OnScreen Control\bin\ScreenSplitterHook642.dll
0x00007fff7c900000 - 0x00007fff7c912000 	C:\Windows\SYSTEM32\kernel.appcore.dll
0x00007fff1cb80000 - 0x00007fff1cb97000 	C:\Program Files (x86)\LG Electronics\OnScreen Control\bin\ScreenSplitterHook641.dll
0x00007fff7fd30000 - 0x00007fff7fdd9000 	C:\Windows\System32\clbcatq.dll
0x00007fff782f0000 - 0x00007fff78375000 	C:\Windows\System32\MMDevApi.dll
0x00007fff7e7e0000 - 0x00007fff7e80c000 	C:\Windows\System32\DEVOBJ.dll
0x00007fff7f100000 - 0x00007fff7f14e000 	C:\Windows\System32\cfgmgr32.dll
0x00007fff61740000 - 0x00007fff618c1000 	C:\Windows\SYSTEM32\AUDIOSES.DLL
0x00007fff7dfd0000 - 0x00007fff7e01b000 	C:\Windows\SYSTEM32\powrprof.dll
0x00007fff7de90000 - 0x00007fff7dea2000 	C:\Windows\SYSTEM32\UMPDC.dll
0x00007fff7a190000 - 0x00007fff7a287000 	C:\Windows\SYSTEM32\PropSys.dll
0x00007fff7c7f0000 - 0x00007fff7c81f000 	C:\Windows\system32\DWMAPI.DLL
0x00007fff31f00000 - 0x00007fff31f93000 	C:\Program Files\AdoptOpenJDK\jdk-8.0.262.10-hotspot\jre\bin\freetype.dll
0x00007fff30bf0000 - 0x00007fff30cad000 	C:\Program Files\AdoptOpenJDK\jdk-8.0.262.10-hotspot\jre\bin\fontmanager.dll
0x00007fff4d770000 - 0x00007fff4d896000 	C:\Windows\system32\opengl32.dll
0x00007fff642c0000 - 0x00007fff642ec000 	C:\Windows\SYSTEM32\GLU32.dll
0x00007fff7e620000 - 0x00007fff7e632000 	C:\Windows\SYSTEM32\msasn1.dll
0x00007fff78f30000 - 0x00007fff78f61000 	C:\Windows\SYSTEM32\cryptnet.dll
0x00007fff7ea30000 - 0x00007fff7eb8f000 	C:\Windows\System32\CRYPT32.dll
0x00007fff7edd0000 - 0x00007fff7ee30000 	C:\Windows\System32\WINTRUST.DLL
0x00007fff7fd10000 - 0x00007fff7fd2d000 	C:\Windows\System32\imagehlp.dll
0x00007fff2dee0000 - 0x00007fff2e199000 	C:\Windows\system32\nvspcap64.dll
0x00007fff7d890000 - 0x00007fff7d8c3000 	C:\Windows\SYSTEM32\ntmarta.dll
0x00007fff7d2c0000 - 0x00007fff7d2e3000 	C:\Windows\SYSTEM32\gpapi.dll
0x00007fff771c0000 - 0x00007fff771fb000 	C:\Windows\SYSTEM32\dxcore.dll
0x00007fff78380000 - 0x00007fff78534000 	C:\Windows\SYSTEM32\WindowsCodecs.dll
0x00007fff611f0000 - 0x00007fff612e9000 	C:\Windows\SYSTEM32\textinputframework.dll
0x00007fff7bc00000 - 0x00007fff7bf5e000 	C:\Windows\System32\CoreUIComponents.dll
0x00007fff7bf60000 - 0x00007fff7c052000 	C:\Windows\System32\CoreMessaging.dll
0x00007fff7b3e0000 - 0x00007fff7b534000 	C:\Windows\SYSTEM32\wintypes.dll
0x00007fff1c410000 - 0x00007fff1c499000 	C:\Program Files (x86)\Overwolf\0.166.1.13\OWExplorer.dll
0x00007fff4f4e0000 - 0x00007fff4f503000 	C:\Program Files\AdoptOpenJDK\jdk-8.0.262.10-hotspot\jre\bin\sunec.dll
0x00007fff69ad0000 - 0x00007fff69adc000 	C:\Program Files\AdoptOpenJDK\jdk-8.0.262.10-hotspot\jre\bin\sunmscapi.dll
0x00007fff7e510000 - 0x00007fff7e537000 	C:\Windows\SYSTEM32\ncrypt.dll
0x00007fff7e4d0000 - 0x00007fff7e50b000 	C:\Windows\SYSTEM32\NTASN1.dll
0x00007fff190d0000 - 0x00007fff194cd000 	C:\Program Files (x86)\Overwolf\0.166.1.13\OWClient.dll
0x00007fff212c0000 - 0x00007fff21333000 	C:\Program Files (x86)\Overwolf\0.166.1.13\OWUtils.dll
0x00007fff710d0000 - 0x00007fff712b4000 	C:\Windows\SYSTEM32\dbghelp.dll

VM Arguments:
jvm_args: -Xincgc -Xmx1024M -Xms1024M -Dfile.encoding=Cp1250 
java_command: GradleStartServer
java_class_path (initial): G:\Minecraft-modding\Forge\PortalReloaded_1.12.2\bin;C:\Users\macie\.gradle\caches\minecraft\net\minecraftforge\forge\1.12.2-14.23.5.2847\snapshot\20171003\forgeSrc-1.12.2-14.23.5.2847.jar;C:\Users\macie\.gradle\caches\modules-2\files-2.1\com.google.code.findbugs\jsr305\3.0.1\f7be08ec23c21485b9b5a1cf1654c2ec8c58168d\jsr305-3.0.1.jar;C:\Users\macie\.gradle\caches\modules-2\files-2.1\com.mojang\patchy\1.1\aef610b34a1be37fa851825f12372b78424d8903\patchy-1.1.jar;C:\Users\macie\.gradle\caches\modules-2\files-2.1\oshi-project\oshi-core\1.1\9ddf7b048a8d701be231c0f4f95fd986198fd2d8\oshi-core-1.1.jar;C:\Users\macie\.gradle\caches\modules-2\files-2.1\net.java.dev.jna\jna\4.4.0\cb208278274bf12ebdb56c61bd7407e6f774d65a\jna-4.4.0.jar;C:\Users\macie\.gradle\caches\modules-2\files-2.1\net.java.dev.jna\platform\3.4.0\e3f70017be8100d3d6923f50b3d2ee17714e9c13\platform-3.4.0.jar;C:\Users\macie\.gradle\caches\modules-2\files-2.1\com.ibm.icu\icu4j-core-mojang\51.2\63d216a9311cca6be337c1e458e587f99d382b84\icu4j-core-mojang-51.2.jar;C:\Users\macie\.gradle\caches\modules-2\files-2.1\net.sf.jopt-simple\jopt-simple\5.0.3\cdd846cfc4e0f7eefafc02c0f5dce32b9303aa2a\jopt-simple-5.0.3.jar;C:\Users\macie\.gradle\caches\modules-2\files-2.1\io.netty\netty-all\4.1.9.Final\97860965d6a0a6b98e7f569f3f966727b8db75\netty-all-4.1.9.Final.jar;C:\Users\macie\.gradle\caches\modules-2\files-2.1\com.google.guava\guava\21.0\3a3d111be1be1b745edfa7d91678a12d7ed38709\guava-21.0.jar;C:\Users\macie\.gradle\caches\modules-2\files-2.1\org.apache.commons\commons-lang3\3.5\6c6c702c89bfff3cd9e80b04d668c5e190d588c6\commons-lang3-3.5.jar;C:\Users\macie\.gradle\caches\modules-2\files-2.1\commons-io\commons-io\2.5\2852e6e05fbb95076fc091f6d1780f1f8fe35e0f\commons-io-2.5.jar;C:\Users\macie\.gradle\caches\modules-2\files-2.1\commons-codec\commons-codec\1.10\4b95f4897fa13f2cd904aee711aeafc0c5295cd8\commons-codec-1.10.jar;C:\Users\macie\.gradle\caches\modules-2\files-2.1\net.java.jutils\jutils\1.0.0\e12
Launcher Type: SUN_STANDARD

Environment Variables:
JAVA_HOME=C:\Program Files\AdoptOpenJDK\jdk-8.0.262.10-hotspot
PATH=C:/Program Files/Java/jdk-14.0.2/bin/server;C:/Program Files/Java/jdk-14.0.2/bin;C:\Python27\;C:\Python27\Scripts;C:\Program Files\AdoptOpenJDK\jdk-8.0.262.10-hotspot\bin;C:\Windows\system32;C:\Windows;C:\Windows\System32\Wbem;C:\Windows\System32\WindowsPowerShell\v1.0\;C:\Windows\System32\OpenSSH\;C:\Program Files\NVIDIA Corporation\NVIDIA NvDLISR;C:\Program Files\Microsoft VS Code\bin;C:\Program Files\TortoiseHg\;C:\Program Files (x86)\sqlite;C:\Program Files (x86)\PsTools;G:\Minecraft-modding\tools;C:\Program Files\nodejs\;C:\Program Files\Git\cmd;C:\ProgramData\chocolatey\bin;C:\Program Files (x86)\GTK2-Runtime\bin;C:\Program Files (x86)\NVIDIA Corporation\PhysX\Common;G:\Minecraft-modding\tools\GeneratorFabricMod\bin;C:\Users\macie\AppData\Roaming\npm;C:\Program Files\PuTTY\;C:\Program Files\CMake\bin;C:\Program Files (x86)\ZeroTier\One\;C:\Program Files\dotnet\;C:\Program Files (x86)\Gradle\gradle-7.0\bin;C:\Users\macie\.windows-build-tools\python27\;C:\Program Files\MySQL\MySQL Shell 8.0\bin\;C:\Users\macie\AppData\Local\Programs\Python\Python36\Scripts\;C:\Users\macie\AppData\Local\Programs\Python\Python36\;C:\Users\macie\AppData\Local\Microsoft\WindowsApps;C:\Users\macie\AppData\Roaming\npm;C:\libjpeg-turbo64\bin;C:\Users\macie\.dotnet\tools;C:\Program Files (x86)\ftldat;C:\Users\macie\.dotnet\tools;C:\Users\macie\eclipse\java-2020-06\eclipse;
USERNAME=macie
OS=Windows_NT
PROCESSOR_IDENTIFIER=Intel64 Family 6 Model 60 Stepping 3, GenuineIntel



---------------  S Y S T E M  ---------------

OS: Windows 10.0 , 64 bit Build 19041 (10.0.19041.928)

CPU:total 8 (initial active 8) (4 cores per cpu, 2 threads per core) family 6 model 60 stepping 3, cmov, cx8, fxsr, mmx, sse, sse2, sse3, ssse3, sse4.1, sse4.2, popcnt, avx, avx2, aes, clmul, erms, lzcnt, ht, tsc, tscinvbit, bmi1, bmi2

Memory: 4k page, physical 16701872k(6106972k free), swap 28760496k(10601484k free)

vm_info: OpenJDK 64-Bit Server VM (25.262-b10) for windows-amd64 JRE (1.8.0_262-b10), built on Jul 15 2020 06:02:55 by "jenkins" with MS VC++ 12.0 (VS2013)

time: Sun Apr 18 12:04:44 2021
timezone: ?rodkowoeuropejski czas letni
elapsed time: 54 seconds (0d 0h 0m 54s)

